[INFO] Scanning for projects...
[INFO] ------------------------------------------------------------------------
[INFO] Reactor Build Order:
[INFO] 
[INFO] rest-library
[INFO] library-pop.rtbi.labs.model
[INFO] rest-library-pop.rtbi.labs.model
[INFO] rest-library-object-mapper
[INFO] library-dao
[INFO] old-rest-library-service
[INFO] library-client
[INFO] rest-library-service
[INFO] library-main
[INFO]                                                                         
[INFO] ------------------------------------------------------------------------
[INFO] Building rest-library 0.0.1
[INFO] ------------------------------------------------------------------------
[INFO] 
[INFO] --- maven-dependency-plugin:2.8:tree (default-cli) @ rest-library ---
[INFO] pop.rtbi.labs:rest-library:pom:0.0.1
[INFO] +- ch.qos.logback:logback-classic:jar:1.1.3:compile
[INFO] |  \- ch.qos.logback:logback-core:jar:1.1.3:compile
[INFO] \- org.slf4j:slf4j-api:jar:1.7.5:compile
[INFO]                                                                         
[INFO] ------------------------------------------------------------------------
[INFO] Building library-pop.rtbi.labs.model 0.0.1
[INFO] ------------------------------------------------------------------------
[INFO] 
[INFO] --- maven-dependency-plugin:2.8:tree (default-cli) @ library-pop.rtbi.labs.model ---
[INFO] pop.rtbi.labs:library-pop.rtbi.labs.model:jar:0.0.1
[INFO] +- javax.ws.rs:javax.ws.rs-api:jar:2.0.1:compile
[INFO] +- org.glassfish.jersey.core:jersey-common:jar:2.19:test
[INFO] |  +- javax.annotation:javax.annotation-api:jar:1.2:test
[INFO] |  +- org.glassfish.jersey.bundles.repackaged:jersey-guava:jar:2.19:test
[INFO] |  +- org.glassfish.hk2:hk2-api:jar:2.4.0-b25:test
[INFO] |  |  +- org.glassfish.hk2:hk2-utils:jar:2.4.0-b25:test
[INFO] |  |  \- org.glassfish.hk2.external:aopalliance-repackaged:jar:2.4.0-b25:test
[INFO] |  +- org.glassfish.hk2.external:javax.inject:jar:2.4.0-b25:test
[INFO] |  +- org.glassfish.hk2:hk2-locator:jar:2.4.0-b25:test
[INFO] |  |  \- org.javassist:javassist:jar:3.18.1-GA:test
[INFO] |  \- org.glassfish.hk2:osgi-resource-locator:jar:1.0.1:test
[INFO] +- junit:junit:jar:4.12:test
[INFO] |  \- org.hamcrest:hamcrest-core:jar:1.3:test
[INFO] +- org.easytesting:fest-assert:jar:1.4:test
[INFO] |  \- org.easytesting:fest-util:jar:1.1.6:test
[INFO] +- ch.qos.logback:logback-classic:jar:1.1.3:compile
[INFO] |  \- ch.qos.logback:logback-core:jar:1.1.3:compile
[INFO] \- org.slf4j:slf4j-api:jar:1.7.5:compile
[INFO]                                                                         
[INFO] ------------------------------------------------------------------------
[INFO] Building rest-library-pop.rtbi.labs.model 0.0.1
[INFO] ------------------------------------------------------------------------
[INFO] 
[INFO] --- maven-dependency-plugin:2.8:tree (default-cli) @ rest-library-pop.rtbi.labs.model ---
[INFO] pop.rtbi.labs:rest-library-pop.rtbi.labs.model:jar:0.0.1
[INFO] +- javax.ws.rs:javax.ws.rs-api:jar:2.0.1:compile
[INFO] +- pop.rtbi.labs:library-pop.rtbi.labs.model:jar:0.0.1:compile
[INFO] +- junit:junit:jar:4.12:test
[INFO] |  \- org.hamcrest:hamcrest-core:jar:1.3:test
[INFO] +- org.easytesting:fest-assert:jar:1.4:compile
[INFO] |  \- org.easytesting:fest-util:jar:1.1.6:compile
[INFO] +- com.fasterxml.jackson.core:jackson-annotations:jar:2.4.1:compile
[INFO] +- com.fasterxml.jackson.core:jackson-databind:jar:2.5.1:compile
[INFO] |  \- com.fasterxml.jackson.core:jackson-core:jar:2.4.1:compile
[INFO] +- com.fasterxml.jackson.jaxrs:jackson-jaxrs-json-provider:jar:2.5.1:compile
[INFO] |  +- com.fasterxml.jackson.jaxrs:jackson-jaxrs-base:jar:2.4.1:compile
[INFO] |  \- com.fasterxml.jackson.module:jackson-module-jaxb-annotations:jar:2.4.1:compile
[INFO] +- com.fasterxml.jackson.dataformat:jackson-dataformat-xml:jar:2.5.1:compile
[INFO] |  \- org.codehaus.woodstox:stax2-api:jar:3.1.4:compile
[INFO] +- org.javassist:javassist:jar:3.19.0-GA:compile
[INFO] +- ch.qos.logback:logback-classic:jar:1.1.3:compile
[INFO] |  \- ch.qos.logback:logback-core:jar:1.1.3:compile
[INFO] \- org.slf4j:slf4j-api:jar:1.7.5:compile
[INFO]                                                                         
[INFO] ------------------------------------------------------------------------
[INFO] Building rest-library-object-mapper 0.0.1
[INFO] ------------------------------------------------------------------------
[INFO] 
[INFO] --- maven-dependency-plugin:2.8:tree (default-cli) @ rest-library-object-mapper ---
[INFO] pop.rtbi.labs:rest-library-object-mapper:jar:0.0.1
[INFO] +- pop.rtbi.labs:rest-library-pop.rtbi.labs.model:jar:0.0.1:compile
[INFO] |  +- javax.ws.rs:javax.ws.rs-api:jar:2.0.1:compile
[INFO] |  +- pop.rtbi.labs:library-pop.rtbi.labs.model:jar:0.0.1:compile
[INFO] |  +- org.easytesting:fest-assert:jar:1.4:compile
[INFO] |  |  \- org.easytesting:fest-util:jar:1.1.6:compile
[INFO] |  +- com.fasterxml.jackson.core:jackson-annotations:jar:2.4.1:compile
[INFO] |  +- com.fasterxml.jackson.core:jackson-databind:jar:2.4.1:compile
[INFO] |  +- com.fasterxml.jackson.jaxrs:jackson-jaxrs-json-provider:jar:2.4.1:compile
[INFO] |  +- com.fasterxml.jackson.dataformat:jackson-dataformat-xml:jar:2.5.1:compile
[INFO] |  \- org.javassist:javassist:jar:3.19.0-GA:compile
[INFO] +- com.fasterxml.jackson.jaxrs:jackson-jaxrs-xml-provider:jar:2.5.1:compile
[INFO] |  +- com.fasterxml.jackson.jaxrs:jackson-jaxrs-base:jar:2.4.1:compile
[INFO] |  +- com.fasterxml.jackson.core:jackson-core:jar:2.4.1:compile
[INFO] |  +- com.fasterxml.jackson.module:jackson-module-jaxb-annotations:jar:2.4.1:compile
[INFO] |  +- org.codehaus.woodstox:stax2-api:jar:3.1.1:compile
[INFO] |  |  \- javax.xml.stream:stax-api:jar:1.0-2:compile
[INFO] |  \- org.codehaus.woodstox:woodstox-core-asl:jar:4.4.0:compile
[INFO] +- ch.qos.logback:logback-classic:jar:1.1.3:compile
[INFO] |  \- ch.qos.logback:logback-core:jar:1.1.3:compile
[INFO] \- org.slf4j:slf4j-api:jar:1.7.5:compile
[INFO]                                                                         
[INFO] ------------------------------------------------------------------------
[INFO] Building library-dao 0.0.1
[INFO] ------------------------------------------------------------------------
[INFO] 
[INFO] --- maven-dependency-plugin:2.8:tree (default-cli) @ library-dao ---
[INFO] pop.rtbi.labs:library-dao:jar:0.0.1
[INFO] +- pop.rtbi.labs:library-pop.rtbi.labs.model:jar:0.0.1:compile
[INFO] |  \- javax.ws.rs:javax.ws.rs-api:jar:2.0.1:compile
[INFO] +- pop.rtbi.labs:library-dao:jar:0.0.1:compile
[INFO] +- junit:junit:jar:4.12:test
[INFO] |  \- org.hamcrest:hamcrest-core:jar:1.3:test
[INFO] +- org.easytesting:fest-assert:jar:1.4:test
[INFO] |  \- org.easytesting:fest-util:jar:1.1.6:test
[INFO] +- ch.qos.logback:logback-classic:jar:1.1.3:compile
[INFO] |  \- ch.qos.logback:logback-core:jar:1.1.3:compile
[INFO] \- org.slf4j:slf4j-api:jar:1.7.5:compile
[INFO]                                                                         
[INFO] ------------------------------------------------------------------------
[INFO] Building old-rest-library-service 0.0.1
[INFO] ------------------------------------------------------------------------
[INFO] 
[INFO] --- maven-dependency-plugin:2.8:tree (default-cli) @ old-rest-library-service ---
[INFO] pop.rtbi.labs:old-rest-library-service:jar:0.0.1
[INFO] +- pop.rtbi.labs:rest-library-pop.rtbi.labs.model:jar:0.0.1:compile
[INFO] |  +- pop.rtbi.labs:library-pop.rtbi.labs.model:jar:0.0.1:compile
[INFO] |  +- com.fasterxml.jackson.core:jackson-annotations:jar:2.4.1:compile
[INFO] |  +- com.fasterxml.jackson.core:jackson-databind:jar:2.4.1:compile
[INFO] |  |  \- com.fasterxml.jackson.core:jackson-core:jar:2.4.1:compile
[INFO] |  +- com.fasterxml.jackson.jaxrs:jackson-jaxrs-json-provider:jar:2.4.1:compile
[INFO] |  |  +- com.fasterxml.jackson.jaxrs:jackson-jaxrs-base:jar:2.4.1:compile
[INFO] |  |  \- com.fasterxml.jackson.module:jackson-module-jaxb-annotations:jar:2.4.1:compile
[INFO] |  +- com.fasterxml.jackson.dataformat:jackson-dataformat-xml:jar:2.5.1:compile
[INFO] |  |  \- org.codehaus.woodstox:stax2-api:jar:3.1.4:compile
[INFO] |  \- org.javassist:javassist:jar:3.19.0-GA:compile
[INFO] +- javax.ws.rs:javax.ws.rs-api:jar:2.0.1:compile
[INFO] +- pop.rtbi.labs:rest-library-object-mapper:jar:0.0.1:compile
[INFO] |  \- com.fasterxml.jackson.jaxrs:jackson-jaxrs-xml-provider:jar:2.5.1:compile
[INFO] |     \- org.codehaus.woodstox:woodstox-core-asl:jar:4.4.0:compile
[INFO] |        \- javax.xml.stream:stax-api:jar:1.0-2:compile
[INFO] +- pop.rtbi.labs:library-dao:jar:0.0.1:compile
[INFO] +- com.murex.rtbi:rest-server-jersey:jar:0.0.1:test
[INFO] |  \- org.glassfish.jersey.containers:jersey-container-grizzly2-servlet:jar:2.19:test
[INFO] |     +- javax.servlet:javax.servlet-api:jar:3.0.1:test
[INFO] |     +- org.glassfish.jersey.containers:jersey-container-servlet:jar:2.19:test
[INFO] |     |  \- org.glassfish.jersey.containers:jersey-container-servlet-core:jar:2.19:test
[INFO] |     +- org.glassfish.jersey.containers:jersey-container-grizzly2-http:jar:2.19:test
[INFO] |     |  +- org.glassfish.hk2.external:javax.inject:jar:2.4.0-b25:test
[INFO] |     |  \- org.glassfish.grizzly:grizzly-http-server:jar:2.3.19:test
[INFO] |     |     \- org.glassfish.grizzly:grizzly-http:jar:2.3.19:test
[INFO] |     |        \- org.glassfish.grizzly:grizzly-framework:jar:2.3.19:test
[INFO] |     +- org.glassfish.grizzly:grizzly-http-servlet:jar:2.3.19:test
[INFO] |     +- org.glassfish.jersey.core:jersey-common:jar:2.19:test
[INFO] |     |  +- javax.annotation:javax.annotation-api:jar:1.2:test
[INFO] |     |  +- org.glassfish.jersey.bundles.repackaged:jersey-guava:jar:2.19:test
[INFO] |     |  +- org.glassfish.hk2:hk2-api:jar:2.4.0-b25:test
[INFO] |     |  |  +- org.glassfish.hk2:hk2-utils:jar:2.4.0-b25:test
[INFO] |     |  |  \- org.glassfish.hk2.external:aopalliance-repackaged:jar:2.4.0-b25:test
[INFO] |     |  +- org.glassfish.hk2:hk2-locator:jar:2.4.0-b25:test
[INFO] |     |  \- org.glassfish.hk2:osgi-resource-locator:jar:1.0.1:test
[INFO] |     \- org.glassfish.jersey.core:jersey-server:jar:2.19:test
[INFO] |        +- org.glassfish.jersey.core:jersey-client:jar:2.19:test
[INFO] |        +- org.glassfish.jersey.media:jersey-media-jaxb:jar:2.19:test
[INFO] |        \- javax.validation:validation-api:jar:1.1.0.Final:test
[INFO] +- com.jayway.restassured:rest-assured:jar:2.4.1:test
[INFO] |  +- org.codehaus.groovy:groovy:jar:2.4.3:test
[INFO] |  +- org.codehaus.groovy:groovy-xml:jar:2.4.3:test
[INFO] |  +- org.apache.httpcomponents:httpclient:jar:4.2.6:test
[INFO] |  |  +- org.apache.httpcomponents:httpcore:jar:4.2.5:test
[INFO] |  |  +- commons-logging:commons-logging:jar:1.1.1:test
[INFO] |  |  \- commons-codec:commons-codec:jar:1.6:test
[INFO] |  +- org.apache.httpcomponents:httpmime:jar:4.3.6:test
[INFO] |  +- org.hamcrest:hamcrest-core:jar:1.3:test
[INFO] |  +- org.hamcrest:hamcrest-library:jar:1.3:test
[INFO] |  +- org.ccil.cowan.tagsoup:tagsoup:jar:1.2.1:test
[INFO] |  +- com.jayway.restassured:json-path:jar:2.4.1:test
[INFO] |  |  +- org.codehaus.groovy:groovy-json:jar:2.4.3:test
[INFO] |  |  \- com.jayway.restassured:rest-assured-common:jar:2.4.1:test
[INFO] |  \- com.jayway.restassured:xml-path:jar:2.4.1:test
[INFO] |     \- org.apache.commons:commons-lang3:jar:3.3.2:test
[INFO] +- junit:junit:jar:4.12:test
[INFO] +- org.easytesting:fest-assert:jar:1.4:test
[INFO] |  \- org.easytesting:fest-util:jar:1.1.6:test
[INFO] +- ch.qos.logback:logback-classic:jar:1.1.3:compile
[INFO] |  \- ch.qos.logback:logback-core:jar:1.1.3:compile
[INFO] \- org.slf4j:slf4j-api:jar:1.7.5:compile
[INFO]                                                                         
[INFO] ------------------------------------------------------------------------
[INFO] Building library-client 0.0.1
[INFO] ------------------------------------------------------------------------
[INFO] 
[INFO] --- maven-dependency-plugin:2.8:tree (default-cli) @ library-client ---
[INFO] pop.rtbi.labs:library-client:jar:0.0.1
[INFO] +- pop.rtbi.labs:rest-library-pop.rtbi.labs.model:jar:0.0.1:compile
[INFO] |  +- javax.ws.rs:javax.ws.rs-api:jar:2.0.1:compile
[INFO] |  +- pop.rtbi.labs:library-pop.rtbi.labs.model:jar:0.0.1:compile
[INFO] |  +- org.easytesting:fest-assert:jar:1.4:compile
[INFO] |  |  \- org.easytesting:fest-util:jar:1.1.6:compile
[INFO] |  +- com.fasterxml.jackson.core:jackson-annotations:jar:2.4.1:compile
[INFO] |  +- com.fasterxml.jackson.core:jackson-databind:jar:2.4.1:compile
[INFO] |  |  \- com.fasterxml.jackson.core:jackson-core:jar:2.4.1:compile
[INFO] |  +- com.fasterxml.jackson.jaxrs:jackson-jaxrs-json-provider:jar:2.4.1:compile
[INFO] |  |  +- com.fasterxml.jackson.jaxrs:jackson-jaxrs-base:jar:2.4.1:compile
[INFO] |  |  \- com.fasterxml.jackson.module:jackson-module-jaxb-annotations:jar:2.4.1:compile
[INFO] |  +- com.fasterxml.jackson.dataformat:jackson-dataformat-xml:jar:2.5.1:compile
[INFO] |  |  \- org.codehaus.woodstox:stax2-api:jar:3.1.4:compile
[INFO] |  \- org.javassist:javassist:jar:3.19.0-GA:compile
[INFO] +- org.glassfish.jersey.core:jersey-client:jar:2.19:compile
[INFO] |  +- org.glassfish.jersey.core:jersey-common:jar:2.19:compile
[INFO] |  |  +- javax.annotation:javax.annotation-api:jar:1.2:compile
[INFO] |  |  +- org.glassfish.jersey.bundles.repackaged:jersey-guava:jar:2.19:compile
[INFO] |  |  \- org.glassfish.hk2:osgi-resource-locator:jar:1.0.1:compile
[INFO] |  +- org.glassfish.hk2:hk2-api:jar:2.4.0-b25:compile
[INFO] |  |  +- org.glassfish.hk2:hk2-utils:jar:2.4.0-b25:compile
[INFO] |  |  \- org.glassfish.hk2.external:aopalliance-repackaged:jar:2.4.0-b25:compile
[INFO] |  +- org.glassfish.hk2.external:javax.inject:jar:2.4.0-b25:compile
[INFO] |  \- org.glassfish.hk2:hk2-locator:jar:2.4.0-b25:compile
[INFO] +- pop.rtbi.labs:rest-library-object-mapper:jar:0.0.1:compile
[INFO] |  \- com.fasterxml.jackson.jaxrs:jackson-jaxrs-xml-provider:jar:2.5.1:compile
[INFO] |     \- org.codehaus.woodstox:woodstox-core-asl:jar:4.4.0:compile
[INFO] |        \- javax.xml.stream:stax-api:jar:1.0-2:compile
[INFO] +- ch.qos.logback:logback-classic:jar:1.1.3:compile
[INFO] |  \- ch.qos.logback:logback-core:jar:1.1.3:compile
[INFO] \- org.slf4j:slf4j-api:jar:1.7.5:compile
[INFO]                                                                         
[INFO] ------------------------------------------------------------------------
[INFO] Building rest-library-service 0.0.1
[INFO] ------------------------------------------------------------------------
[INFO] 
[INFO] --- maven-dependency-plugin:2.8:tree (default-cli) @ rest-library-service ---
[INFO] pop.rtbi.labs:rest-library-service:jar:0.0.1
[INFO] +- pop.rtbi.labs:library-pop.rtbi.labs.model:jar:0.0.1:compile
[INFO] +- pop.rtbi.labs:library-dao:jar:0.0.1:compile
[INFO] +- javax.ws.rs:javax.ws.rs-api:jar:2.0.1:compile
[INFO] +- pop.rtbi.labs:rest-library-pop.rtbi.labs.model:jar:0.0.1:compile
[INFO] |  +- com.fasterxml.jackson.core:jackson-annotations:jar:2.4.1:compile
[INFO] |  +- com.fasterxml.jackson.core:jackson-databind:jar:2.4.1:compile
[INFO] |  |  \- com.fasterxml.jackson.core:jackson-core:jar:2.4.1:compile
[INFO] |  +- com.fasterxml.jackson.jaxrs:jackson-jaxrs-json-provider:jar:2.4.1:compile
[INFO] |  |  +- com.fasterxml.jackson.jaxrs:jackson-jaxrs-base:jar:2.4.1:compile
[INFO] |  |  \- com.fasterxml.jackson.module:jackson-module-jaxb-annotations:jar:2.4.1:compile
[INFO] |  +- com.fasterxml.jackson.dataformat:jackson-dataformat-xml:jar:2.5.1:compile
[INFO] |  |  \- org.codehaus.woodstox:stax2-api:jar:3.1.4:compile
[INFO] |  \- org.javassist:javassist:jar:3.19.0-GA:compile
[INFO] +- org.glassfish.jersey.ext:jersey-wadl-doclet:jar:2.19:compile
[INFO] |  +- xerces:xercesImpl:jar:2.11.0:compile
[INFO] |  |  \- xml-apis:xml-apis:jar:1.4.01:compile
[INFO] |  +- org.glassfish.jersey.core:jersey-server:jar:2.19:compile
[INFO] |  |  +- org.glassfish.jersey.core:jersey-client:jar:2.19:compile
[INFO] |  |  +- org.glassfish.jersey.media:jersey-media-jaxb:jar:2.19:compile
[INFO] |  |  \- javax.validation:validation-api:jar:1.1.0.Final:compile
[INFO] |  \- com.sun:tools:jar:1.8.0:system
[INFO] +- pop.rtbi.labs:rest-library-object-mapper:jar:0.0.1:compile
[INFO] |  \- com.fasterxml.jackson.jaxrs:jackson-jaxrs-xml-provider:jar:2.5.1:compile
[INFO] |     \- org.codehaus.woodstox:woodstox-core-asl:jar:4.4.0:compile
[INFO] |        \- javax.xml.stream:stax-api:jar:1.0-2:compile
[INFO] +- com.google.guava:guava:jar:18.0:test
[INFO] +- org.glassfish.jersey.core:jersey-common:jar:2.19:test
[INFO] |  +- javax.annotation:javax.annotation-api:jar:1.2:compile
[INFO] |  +- org.glassfish.jersey.bundles.repackaged:jersey-guava:jar:2.19:test
[INFO] |  +- org.glassfish.hk2:hk2-api:jar:2.4.0-b25:compile
[INFO] |  |  +- org.glassfish.hk2:hk2-utils:jar:2.4.0-b25:compile
[INFO] |  |  \- org.glassfish.hk2.external:aopalliance-repackaged:jar:2.4.0-b25:compile
[INFO] |  +- org.glassfish.hk2.external:javax.inject:jar:2.4.0-b25:compile
[INFO] |  +- org.glassfish.hk2:hk2-locator:jar:2.4.0-b25:compile
[INFO] |  \- org.glassfish.hk2:osgi-resource-locator:jar:1.0.1:compile
[INFO] +- junit:junit:jar:4.12:test
[INFO] |  \- org.hamcrest:hamcrest-core:jar:1.3:test
[INFO] +- org.easytesting:fest-assert:jar:1.4:test
[INFO] |  \- org.easytesting:fest-util:jar:1.1.6:test
[INFO] +- com.jayway.restassured:rest-assured:jar:2.4.1:test
[INFO] |  +- org.codehaus.groovy:groovy:jar:2.4.3:test
[INFO] |  +- org.codehaus.groovy:groovy-xml:jar:2.4.3:test
[INFO] |  +- org.apache.httpcomponents:httpclient:jar:4.2.6:test
[INFO] |  |  +- org.apache.httpcomponents:httpcore:jar:4.2.5:test
[INFO] |  |  +- commons-logging:commons-logging:jar:1.1.1:test
[INFO] |  |  \- commons-codec:commons-codec:jar:1.6:test
[INFO] |  +- org.apache.httpcomponents:httpmime:jar:4.3.6:test
[INFO] |  +- org.hamcrest:hamcrest-library:jar:1.3:test
[INFO] |  +- org.ccil.cowan.tagsoup:tagsoup:jar:1.2.1:test
[INFO] |  +- com.jayway.restassured:json-path:jar:2.4.1:test
[INFO] |  |  +- org.codehaus.groovy:groovy-json:jar:2.4.3:test
[INFO] |  |  \- com.jayway.restassured:rest-assured-common:jar:2.4.1:test
[INFO] |  \- com.jayway.restassured:xml-path:jar:2.4.1:test
[INFO] |     \- org.apache.commons:commons-lang3:jar:3.3.2:test
[INFO] +- org.mockito:mockito-all:jar:2.0.2-beta:test
[INFO] +- ch.qos.logback:logback-classic:jar:1.1.3:compile
[INFO] |  \- ch.qos.logback:logback-core:jar:1.1.3:compile
[INFO] \- org.slf4j:slf4j-api:jar:1.7.5:compile
[INFO]                                                                         
[INFO] ------------------------------------------------------------------------
[INFO] Building library-main 0.0.1
[INFO] ------------------------------------------------------------------------
[INFO] 
[INFO] --- maven-dependency-plugin:2.8:tree (default-cli) @ library-main ---
[INFO] pop.rtbi.labs:library-main:jar:0.0.1
[INFO] +- pop.rtbi.labs:rest-library-service:jar:0.0.1:compile
[INFO] |  +- pop.rtbi.labs:library-pop.rtbi.labs.model:jar:0.0.1:compile
[INFO] |  +- pop.rtbi.labs:library-dao:jar:0.0.1:compile
[INFO] |  +- javax.ws.rs:javax.ws.rs-api:jar:2.0.1:compile
[INFO] |  \- pop.rtbi.labs:rest-library-pop.rtbi.labs.model:jar:0.0.1:compile
[INFO] |     +- org.easytesting:fest-assert:jar:1.4:compile
[INFO] |     |  \- org.easytesting:fest-util:jar:1.1.6:compile
[INFO] |     +- com.fasterxml.jackson.core:jackson-annotations:jar:2.4.1:compile
[INFO] |     +- com.fasterxml.jackson.core:jackson-databind:jar:2.4.1:compile
[INFO] |     +- com.fasterxml.jackson.jaxrs:jackson-jaxrs-json-provider:jar:2.4.1:compile
[INFO] |     +- com.fasterxml.jackson.dataformat:jackson-dataformat-xml:jar:2.5.1:compile
[INFO] |     \- org.javassist:javassist:jar:3.19.0-GA:compile
[INFO] +- pop.rtbi.labs:rest-library-object-mapper:jar:0.0.1:compile
[INFO] |  \- com.fasterxml.jackson.jaxrs:jackson-jaxrs-xml-provider:jar:2.5.1:compile
[INFO] |     +- com.fasterxml.jackson.jaxrs:jackson-jaxrs-base:jar:2.4.1:compile
[INFO] |     +- com.fasterxml.jackson.core:jackson-core:jar:2.4.1:compile
[INFO] |     +- com.fasterxml.jackson.module:jackson-module-jaxb-annotations:jar:2.4.1:compile
[INFO] |     +- org.codehaus.woodstox:stax2-api:jar:3.1.1:compile
[INFO] |     |  \- javax.xml.stream:stax-api:jar:1.0-2:compile
[INFO] |     \- org.codehaus.woodstox:woodstox-core-asl:jar:4.4.0:compile
[INFO] +- com.murex.rtbi:rest-server-jersey:jar:0.0.1:compile
[INFO] |  \- org.glassfish.jersey.containers:jersey-container-grizzly2-servlet:jar:2.19:compile
[INFO] |     +- javax.servlet:javax.servlet-api:jar:3.0.1:compile
[INFO] |     +- org.glassfish.jersey.containers:jersey-container-servlet:jar:2.19:compile
[INFO] |     |  \- org.glassfish.jersey.containers:jersey-container-servlet-core:jar:2.19:compile
[INFO] |     +- org.glassfish.jersey.containers:jersey-container-grizzly2-http:jar:2.19:compile
[INFO] |     |  \- org.glassfish.grizzly:grizzly-http-server:jar:2.3.19:compile
[INFO] |     |     \- org.glassfish.grizzly:grizzly-http:jar:2.3.19:compile
[INFO] |     |        \- org.glassfish.grizzly:grizzly-framework:jar:2.3.19:compile
[INFO] |     \- org.glassfish.grizzly:grizzly-http-servlet:jar:2.3.19:compile
[INFO] +- junit:junit:jar:4.12:test
[INFO] |  \- org.hamcrest:hamcrest-core:jar:1.3:test
[INFO] +- com.jayway.restassured:rest-assured:jar:2.4.1:test
[INFO] |  +- org.codehaus.groovy:groovy:jar:2.4.3:test
[INFO] |  +- org.codehaus.groovy:groovy-xml:jar:2.4.3:test
[INFO] |  +- org.apache.httpcomponents:httpclient:jar:4.2.6:test
[INFO] |  |  +- org.apache.httpcomponents:httpcore:jar:4.2.5:test
[INFO] |  |  +- commons-logging:commons-logging:jar:1.1.1:test
[INFO] |  |  \- commons-codec:commons-codec:jar:1.6:test
[INFO] |  +- org.apache.httpcomponents:httpmime:jar:4.3.6:test
[INFO] |  +- org.hamcrest:hamcrest-library:jar:1.3:test
[INFO] |  +- org.ccil.cowan.tagsoup:tagsoup:jar:1.2.1:test
[INFO] |  +- com.jayway.restassured:json-path:jar:2.4.1:test
[INFO] |  |  +- org.codehaus.groovy:groovy-json:jar:2.4.3:test
[INFO] |  |  \- com.jayway.restassured:rest-assured-common:jar:2.4.1:test
[INFO] |  \- com.jayway.restassured:xml-path:jar:2.4.1:test
[INFO] |     \- org.apache.commons:commons-lang3:jar:3.3.2:test
[INFO] +- org.mockito:mockito-all:jar:2.0.2-beta:test
[INFO] +- org.glassfish.jersey.ext:jersey-wadl-doclet:jar:2.19:compile
[INFO] |  \- com.sun:tools:jar:1.8.0:system
[INFO] +- org.glassfish.jersey.core:jersey-server:jar:2.19:compile
[INFO] |  +- org.glassfish.jersey.core:jersey-common:jar:2.19:compile
[INFO] |  |  +- org.glassfish.jersey.bundles.repackaged:jersey-guava:jar:2.19:compile
[INFO] |  |  \- org.glassfish.hk2:osgi-resource-locator:jar:1.0.1:compile
[INFO] |  +- org.glassfish.jersey.core:jersey-client:jar:2.19:compile
[INFO] |  +- org.glassfish.jersey.media:jersey-media-jaxb:jar:2.19:compile
[INFO] |  +- javax.annotation:javax.annotation-api:jar:1.2:compile
[INFO] |  +- org.glassfish.hk2:hk2-api:jar:2.4.0-b25:compile
[INFO] |  |  +- org.glassfish.hk2:hk2-utils:jar:2.4.0-b25:compile
[INFO] |  |  \- org.glassfish.hk2.external:aopalliance-repackaged:jar:2.4.0-b25:compile
[INFO] |  +- org.glassfish.hk2.external:javax.inject:jar:2.4.0-b25:compile
[INFO] |  +- org.glassfish.hk2:hk2-locator:jar:2.4.0-b25:compile
[INFO] |  \- javax.validation:validation-api:jar:1.1.0.Final:compile
[INFO] +- xerces:xercesImpl:jar:2.11.0:compile
[INFO] |  \- xml-apis:xml-apis:jar:1.4.01:compile
[INFO] +- ch.qos.logback:logback-classic:jar:1.1.3:compile
[INFO] |  \- ch.qos.logback:logback-core:jar:1.1.3:compile
[INFO] \- org.slf4j:slf4j-api:jar:1.7.5:compile
[INFO] ------------------------------------------------------------------------
[INFO] Reactor Summary:
[INFO] 
[INFO] rest-library ....................................... SUCCESS [  2.043 s]
[INFO] library-pop.rtbi.labs.model ...................................... SUCCESS [  0.199 s]
[INFO] rest-library-pop.rtbi.labs.model ................................. SUCCESS [  0.090 s]
[INFO] rest-library-object-mapper ......................... SUCCESS [  0.067 s]
[INFO] library-dao ........................................ SUCCESS [  0.034 s]
[INFO] old-rest-library-service ........................... SUCCESS [  0.314 s]
[INFO] library-client ..................................... SUCCESS [  0.035 s]
[INFO] rest-library-service ............................... SUCCESS [  0.136 s]
[INFO] library-main ....................................... SUCCESS [  0.192 s]
[INFO] ------------------------------------------------------------------------
[INFO] BUILD SUCCESS
[INFO] ------------------------------------------------------------------------
[INFO] Total time: 3.928 s
[INFO] Finished at: 2015-08-25T11:56:56+02:00
[INFO] Final Memory: 13M/35M
[INFO] ------------------------------------------------------------------------
